[0.742s] Invoking command in '/home/cp/fishbot_ws/fishbot_description': CONDA_PROMPT_MODIFIER=(base) PYTHONPATH=/home/cp/fishbot_ws/fishbot_description/build/fishbot_description/prefix_override:/usr/lib/python3/dist-packages/colcon_core/task/python/colcon_distutils_commands:/home/cp/fishbot_ws/fishbot_description/install/fishbot_description/lib/python3.10/site-packages:${PYTHONPATH} /usr/bin/python3 -W ignore:setup.py install is deprecated setup.py egg_info --egg-base build/fishbot_description build --build-base /home/cp/fishbot_ws/fishbot_description/build/fishbot_description/build install --record /home/cp/fishbot_ws/fishbot_description/build/fishbot_description/install.log --single-version-externally-managed install_data
[1.020s] running egg_info
[1.021s] writing build/fishbot_description/fishbot_description.egg-info/PKG-INFO
[1.021s] writing dependency_links to build/fishbot_description/fishbot_description.egg-info/dependency_links.txt
[1.022s] writing entry points to build/fishbot_description/fishbot_description.egg-info/entry_points.txt
[1.022s] writing requirements to build/fishbot_description/fishbot_description.egg-info/requires.txt
[1.022s] writing top-level names to build/fishbot_description/fishbot_description.egg-info/top_level.txt
[1.027s] reading manifest file 'build/fishbot_description/fishbot_description.egg-info/SOURCES.txt'
[1.029s] writing manifest file 'build/fishbot_description/fishbot_description.egg-info/SOURCES.txt'
[1.030s] running build
[1.030s] running build_py
[1.031s] running install
[1.031s] running install_lib
[1.034s] running install_data
[1.034s] copying launch/gazebo.launch.py -> /home/cp/fishbot_ws/fishbot_description/install/fishbot_description/share/fishbot_description/launch
[1.034s] copying urdf/fishbot_base.urdf -> /home/cp/fishbot_ws/fishbot_description/install/fishbot_description/share/fishbot_description/urdf
[1.034s] running install_egg_info
[1.037s] removing '/home/cp/fishbot_ws/fishbot_description/install/fishbot_description/lib/python3.10/site-packages/fishbot_description-0.0.0-py3.10.egg-info' (and everything under it)
[1.037s] Copying build/fishbot_description/fishbot_description.egg-info to /home/cp/fishbot_ws/fishbot_description/install/fishbot_description/lib/python3.10/site-packages/fishbot_description-0.0.0-py3.10.egg-info
[1.038s] running install_scripts
[1.059s] Installing rotate_wheel script to /home/cp/fishbot_ws/fishbot_description/install/fishbot_description/lib/fishbot_description
[1.060s] writing list of installed files to '/home/cp/fishbot_ws/fishbot_description/build/fishbot_description/install.log'
[1.113s] Invoked command in '/home/cp/fishbot_ws/fishbot_description' returned '0': CONDA_PROMPT_MODIFIER=(base) PYTHONPATH=/home/cp/fishbot_ws/fishbot_description/build/fishbot_description/prefix_override:/usr/lib/python3/dist-packages/colcon_core/task/python/colcon_distutils_commands:/home/cp/fishbot_ws/fishbot_description/install/fishbot_description/lib/python3.10/site-packages:${PYTHONPATH} /usr/bin/python3 -W ignore:setup.py install is deprecated setup.py egg_info --egg-base build/fishbot_description build --build-base /home/cp/fishbot_ws/fishbot_description/build/fishbot_description/build install --record /home/cp/fishbot_ws/fishbot_description/build/fishbot_description/install.log --single-version-externally-managed install_data
