[0.559s] Invoking command in '/home/cp/fishbot_description': CONDA_PROMPT_MODIFIER=(base) PYTHONPATH=/home/cp/fishbot_description/build/fishbot_description/prefix_override:/usr/lib/python3/dist-packages/colcon_core/task/python/colcon_distutils_commands:/home/cp/fishbot_description/install/fishbot_description/lib/python3.10/site-packages:${PYTHONPATH} /usr/bin/python3 -W ignore:setup.py install is deprecated setup.py egg_info --egg-base build/fishbot_description build --build-base /home/cp/fishbot_description/build/fishbot_description/build install --record /home/cp/fishbot_description/build/fishbot_description/install.log --single-version-externally-managed install_data
[0.718s] running egg_info
[0.719s] creating build/fishbot_description/fishbot_description.egg-info
[0.719s] writing build/fishbot_description/fishbot_description.egg-info/PKG-INFO
[0.719s] writing dependency_links to build/fishbot_description/fishbot_description.egg-info/dependency_links.txt
[0.719s] writing entry points to build/fishbot_description/fishbot_description.egg-info/entry_points.txt
[0.719s] writing requirements to build/fishbot_description/fishbot_description.egg-info/requires.txt
[0.719s] writing top-level names to build/fishbot_description/fishbot_description.egg-info/top_level.txt
[0.719s] writing manifest file 'build/fishbot_description/fishbot_description.egg-info/SOURCES.txt'
[0.720s] reading manifest file 'build/fishbot_description/fishbot_description.egg-info/SOURCES.txt'
[0.720s] writing manifest file 'build/fishbot_description/fishbot_description.egg-info/SOURCES.txt'
[0.721s] running build
[0.721s] running build_py
[0.721s] creating /home/cp/fishbot_description/build/fishbot_description/build
[0.721s] creating /home/cp/fishbot_description/build/fishbot_description/build/lib
[0.721s] creating /home/cp/fishbot_description/build/fishbot_description/build/lib/fishbot_description
[0.721s] copying fishbot_description/__init__.py -> /home/cp/fishbot_description/build/fishbot_description/build/lib/fishbot_description
[0.721s] running install
[0.721s] running install_lib
[0.721s] creating /home/cp/fishbot_description/install/fishbot_description/lib/python3.10/site-packages/fishbot_description
[0.722s] copying /home/cp/fishbot_description/build/fishbot_description/build/lib/fishbot_description/__init__.py -> /home/cp/fishbot_description/install/fishbot_description/lib/python3.10/site-packages/fishbot_description
[0.722s] byte-compiling /home/cp/fishbot_description/install/fishbot_description/lib/python3.10/site-packages/fishbot_description/__init__.py to __init__.cpython-310.pyc
[0.722s] running install_data
[0.722s] creating /home/cp/fishbot_description/install/fishbot_description/share/ament_index
[0.722s] creating /home/cp/fishbot_description/install/fishbot_description/share/ament_index/resource_index
[0.722s] creating /home/cp/fishbot_description/install/fishbot_description/share/ament_index/resource_index/packages
[0.722s] copying resource/fishbot_description -> /home/cp/fishbot_description/install/fishbot_description/share/ament_index/resource_index/packages
[0.722s] copying package.xml -> /home/cp/fishbot_description/install/fishbot_description/share/fishbot_description
[0.722s] creating /home/cp/fishbot_description/install/fishbot_description/share/fishbot_description/launch
[0.722s] copying launch/display_rviz2.launch.py -> /home/cp/fishbot_description/install/fishbot_description/share/fishbot_description/launch
[0.722s] creating /home/cp/fishbot_description/install/fishbot_description/share/fishbot_description/urdf
[0.722s] copying urdf/fishbot_base.urdf -> /home/cp/fishbot_description/install/fishbot_description/share/fishbot_description/urdf
[0.722s] running install_egg_info
[0.724s] Copying build/fishbot_description/fishbot_description.egg-info to /home/cp/fishbot_description/install/fishbot_description/lib/python3.10/site-packages/fishbot_description-0.0.0-py3.10.egg-info
[0.725s] running install_scripts
[0.738s] writing list of installed files to '/home/cp/fishbot_description/build/fishbot_description/install.log'
[0.753s] Invoked command in '/home/cp/fishbot_description' returned '0': CONDA_PROMPT_MODIFIER=(base) PYTHONPATH=/home/cp/fishbot_description/build/fishbot_description/prefix_override:/usr/lib/python3/dist-packages/colcon_core/task/python/colcon_distutils_commands:/home/cp/fishbot_description/install/fishbot_description/lib/python3.10/site-packages:${PYTHONPATH} /usr/bin/python3 -W ignore:setup.py install is deprecated setup.py egg_info --egg-base build/fishbot_description build --build-base /home/cp/fishbot_description/build/fishbot_description/build install --record /home/cp/fishbot_description/build/fishbot_description/install.log --single-version-externally-managed install_data
