[0.575s] Invoking command in '/home/cp/fishbot_ws/fishbot_description': CONDA_PROMPT_MODIFIER=(base) PYTHONPATH=/home/cp/fishbot_ws/fishbot_description/build/fishbot_description/prefix_override:/usr/lib/python3/dist-packages/colcon_core/task/python/colcon_distutils_commands:/home/cp/fishbot_ws/fishbot_description/install/fishbot_description/lib/python3.10/site-packages:${PYTHONPATH} /usr/bin/python3 -W ignore:setup.py install is deprecated setup.py egg_info --egg-base build/fishbot_description build --build-base /home/cp/fishbot_ws/fishbot_description/build/fishbot_description/build install --record /home/cp/fishbot_ws/fishbot_description/build/fishbot_description/install.log --single-version-externally-managed install_data
[0.739s] running egg_info
[0.740s] writing build/fishbot_description/fishbot_description.egg-info/PKG-INFO
[0.744s] writing dependency_links to build/fishbot_description/fishbot_description.egg-info/dependency_links.txt
[0.745s] writing entry points to build/fishbot_description/fishbot_description.egg-info/entry_points.txt
[0.745s] writing requirements to build/fishbot_description/fishbot_description.egg-info/requires.txt
[0.745s] writing top-level names to build/fishbot_description/fishbot_description.egg-info/top_level.txt
[0.747s] reading manifest file 'build/fishbot_description/fishbot_description.egg-info/SOURCES.txt'
[0.747s] writing manifest file 'build/fishbot_description/fishbot_description.egg-info/SOURCES.txt'
[0.748s] running build
[0.748s] running build_py
[0.748s] running install
[0.748s] running install_lib
[0.749s] running install_data
[0.749s] copying launch/gazebo.launch.py -> /home/cp/fishbot_ws/fishbot_description/install/fishbot_description/share/fishbot_description/launch
[0.749s] copying urdf/fishbot_base.urdf -> /home/cp/fishbot_ws/fishbot_description/install/fishbot_description/share/fishbot_description/urdf
[0.749s] running install_egg_info
[0.751s] removing '/home/cp/fishbot_ws/fishbot_description/install/fishbot_description/lib/python3.10/site-packages/fishbot_description-0.0.0-py3.10.egg-info' (and everything under it)
[0.751s] Copying build/fishbot_description/fishbot_description.egg-info to /home/cp/fishbot_ws/fishbot_description/install/fishbot_description/lib/python3.10/site-packages/fishbot_description-0.0.0-py3.10.egg-info
[0.752s] running install_scripts
[0.765s] Installing rotate_wheel script to /home/cp/fishbot_ws/fishbot_description/install/fishbot_description/lib/fishbot_description
[0.765s] writing list of installed files to '/home/cp/fishbot_ws/fishbot_description/build/fishbot_description/install.log'
[0.780s] Invoked command in '/home/cp/fishbot_ws/fishbot_description' returned '0': CONDA_PROMPT_MODIFIER=(base) PYTHONPATH=/home/cp/fishbot_ws/fishbot_description/build/fishbot_description/prefix_override:/usr/lib/python3/dist-packages/colcon_core/task/python/colcon_distutils_commands:/home/cp/fishbot_ws/fishbot_description/install/fishbot_description/lib/python3.10/site-packages:${PYTHONPATH} /usr/bin/python3 -W ignore:setup.py install is deprecated setup.py egg_info --egg-base build/fishbot_description build --build-base /home/cp/fishbot_ws/fishbot_description/build/fishbot_description/build install --record /home/cp/fishbot_ws/fishbot_description/build/fishbot_description/install.log --single-version-externally-managed install_data
